Change Component Designator: Old Designator=C? New Designator=C1
Change Component Designator: Old Designator=C? New Designator=C2
Change Component Designator: Old Designator=D? New Designator=D1
Change Component Designator: Old Designator=HD? New Designator=HD1
Change Component Designator: Old Designator=HD? New Designator=HD2
Change Component Designator: Old Designator=HD? New Designator=HD3
Change Component Designator: Old Designator=HD? New Designator=HD4
Change Component Designator: Old Designator=HD? New Designator=HD5
Change Component Designator: Old Designator=HD? New Designator=HD6
Change Component Designator: Old Designator=HD? New Designator=HD7
Change Component Designator: Old Designator=HD? New Designator=HD8
Change Component Designator: Old Designator=HD? New Designator=HD9
Change Component Designator: Old Designator=HD? New Designator=HD10
Change Component Designator: Old Designator=HD? New Designator=HD11
Change Component Designator: Old Designator=HD? New Designator=HD12
Change Component Designator: Old Designator=LD? New Designator=LD1
Change Component Designator: Old Designator=LD? New Designator=LD2
Change Component Designator: Old Designator=QB? New Designator=QB1
Change Component Designator: Old Designator=QB? New Designator=QB2
Change Component Designator: Old Designator=QB? New Designator=QB3
Change Component Designator: Old Designator=QB? New Designator=QB4
Change Component Designator: Old Designator=QB? New Designator=QB5
Change Component Designator: Old Designator=QB? New Designator=QB6
Change Component Designator: Old Designator=QB? New Designator=QB7
Change Component Designator: Old Designator=QB? New Designator=QB8
Change Component Designator: Old Designator=R? New Designator=R1
Change Component Designator: Old Designator=R? New Designator=R2
Change Component Designator: Old Designator=R? New Designator=R3
Change Component Designator: Old Designator=R? New Designator=R4
Change Component Designator: Old Designator=R? New Designator=R5
Change Component Designator: Old Designator=R? New Designator=R6
Change Component Designator: Old Designator=R? New Designator=R7
Change Component Designator: Old Designator=R? New Designator=R8
Change Component Designator: Old Designator=R? New Designator=R9
Change Component Designator: Old Designator=R? New Designator=R10
Change Component Designator: Old Designator=R? New Designator=R11
Change Component Designator: Old Designator=U? New Designator=U1
Change Component Designator: Old Designator=U? New Designator=U2
