Change Component Designator: Old Designator=C1 New Designator=C?
Change Component Designator: Old Designator=C2 New Designator=C?
Change Component Designator: Old Designator=D1 New Designator=D?
Change Component Designator: Old Designator=HD1 New Designator=HD?
Change Component Designator: Old Designator=HD2 New Designator=HD?
Change Component Designator: Old Designator=HD3 New Designator=HD?
Change Component Designator: Old Designator=HD4 New Designator=HD?
Change Component Designator: Old Designator=HD5 New Designator=HD?
Change Component Designator: Old Designator=HD6 New Designator=HD?
Change Component Designator: Old Designator=HD7 New Designator=HD?
Change Component Designator: Old Designator=HD8 New Designator=HD?
Change Component Designator: Old Designator=HD9 New Designator=HD?
Change Component Designator: Old Designator=HD10 New Designator=HD?
Change Component Designator: Old Designator=HD11 New Designator=HD?
Change Component Designator: Old Designator=HD12 New Designator=HD?
Change Component Designator: Old Designator=LD1 New Designator=LD?
Change Component Designator: Old Designator=LD2 New Designator=LD?
Change Component Designator: Old Designator=QB1 New Designator=QB?
Change Component Designator: Old Designator=QB2 New Designator=QB?
Change Component Designator: Old Designator=QB3 New Designator=QB?
Change Component Designator: Old Designator=QB4 New Designator=QB?
Change Component Designator: Old Designator=QB5 New Designator=QB?
Change Component Designator: Old Designator=QB6 New Designator=QB?
Change Component Designator: Old Designator=QB7 New Designator=QB?
Change Component Designator: Old Designator=QB8 New Designator=QB?
Change Component Designator: Old Designator=R1 New Designator=R?
Change Component Designator: Old Designator=R2 New Designator=R?
Change Component Designator: Old Designator=R3 New Designator=R?
Change Component Designator: Old Designator=R4 New Designator=R?
Change Component Designator: Old Designator=R5 New Designator=R?
Change Component Designator: Old Designator=R6 New Designator=R?
Change Component Designator: Old Designator=R7 New Designator=R?
Change Component Designator: Old Designator=R8 New Designator=R?
Change Component Designator: Old Designator=R9 New Designator=R?
Change Component Designator: Old Designator=R10 New Designator=R?
Change Component Designator: Old Designator=R11 New Designator=R?
Change Component Designator: Old Designator=U1 New Designator=U?
Change Component Designator: Old Designator=U2 New Designator=U?
