Change Component Footprint: Designator=HD2 Old Footprint=HED2 New Footprint=HED2T
Change Component Footprint: Designator=HD3 Old Footprint=HED3 New Footprint=HED3T
Change Component Footprint: Designator=HD4 Old Footprint=HED3 New Footprint=HED3T
Added Component: Designator=R12(R1/4W)
Added Component: Designator=R13(R1/4W)
Added Component: Designator=R14(R1/4W)
Added Component: Designator=R15(R1/4W)
Added Component: Designator=R16(R1/4W)
Added Component: Designator=R17(R1/4W)
Added Component: Designator=R18(R1/4W)
Added Component: Designator=R19(R1/4W)
Added Pin To Net: NetName=O0 Pin=R12-1
Added Pin To Net: NetName=NetQB1_1 Pin=R12-2
Added Pin To Net: NetName=O1 Pin=R13-1
Added Pin To Net: NetName=NetQB2_1 Pin=R13-2
Added Pin To Net: NetName=O2 Pin=R14-1
Added Pin To Net: NetName=NetQB3_1 Pin=R14-2
Added Pin To Net: NetName=O3 Pin=R15-1
Added Pin To Net: NetName=NetQB4_1 Pin=R15-2
Added Pin To Net: NetName=O4 Pin=R16-1
Added Pin To Net: NetName=NetQB5_1 Pin=R16-2
Added Pin To Net: NetName=O5 Pin=R17-1
Added Pin To Net: NetName=NetQB6_1 Pin=R17-2
Added Pin To Net: NetName=O6 Pin=R18-1
Added Pin To Net: NetName=NetQB7_1 Pin=R18-2
Added Pin To Net: NetName=O7 Pin=R19-1
Added Pin To Net: NetName=NetQB8_1 Pin=R19-2
Added Member To Class: ClassName=project1 Member=Component R12 1K
Added Member To Class: ClassName=project1 Member=Component R13 1K
Added Member To Class: ClassName=project1 Member=Component R14 1K
Added Member To Class: ClassName=project1 Member=Component R15 1K
Added Member To Class: ClassName=project1 Member=Component R16 1K
Added Member To Class: ClassName=project1 Member=Component R17 1K
Added Member To Class: ClassName=project1 Member=Component R18 1K
Added Member To Class: ClassName=project1 Member=Component R19 1K
