Change Component Footprint: Designator=R12 Old Footprint=6-0805_N New Footprint=MELF-R3216-1206
Change Component Footprint: Designator=R13 Old Footprint=6-0805_N New Footprint=MELF-R3216-1206
Change Component Footprint: Designator=R14 Old Footprint=6-0805_N New Footprint=MELF-R3216-1206
Change Component Footprint: Designator=R15 Old Footprint=6-0805_N New Footprint=MELF-R3216-1206
Change Component Footprint: Designator=R16 Old Footprint=6-0805_N New Footprint=MELF-R3216-1206
Change Component Footprint: Designator=R17 Old Footprint=6-0805_N New Footprint=MELF-R3216-1206
Change Component Footprint: Designator=R18 Old Footprint=6-0805_N New Footprint=MELF-R3216-1206
Change Component Footprint: Designator=R19 Old Footprint=6-0805_N New Footprint=MELF-R3216-1206
Change Component Footprint: Designator=HD1 Old Footprint=JP2 New Footprint=HED2T
Change Component Footprint: Designator=HD2 Old Footprint=JP2 New Footprint=HED2T
Change Component Footprint: Designator=R4 Old Footprint=MELF-R3216-1206 New Footprint=6-0805_N
Change Component Footprint: Designator=R5 Old Footprint=MELF-R3216-1206 New Footprint=6-0805_N
Change Component Footprint: Designator=R6 Old Footprint=MELF-R3216-1206 New Footprint=6-0805_N
Change Component Footprint: Designator=R7 Old Footprint=MELF-R3216-1206 New Footprint=6-0805_N
Change Component Footprint: Designator=R8 Old Footprint=MELF-R3216-1206 New Footprint=6-0805_N
Change Component Footprint: Designator=R9 Old Footprint=MELF-R3216-1206 New Footprint=6-0805_N
Change Component Footprint: Designator=R10 Old Footprint=MELF-R3216-1206 New Footprint=6-0805_N
Change Component Footprint: Designator=R11 Old Footprint=MELF-R3216-1206 New Footprint=6-0805_N
Added Component: Designator=R13(MELF-R3216-1206)
Added Pin To Net: NetName=O0 Pin=R13-1
Added Pin To Net: NetName=NetQB1_1 Pin=R13-2
Added Room: Name=project1
